# JRE version: OpenJDK Runtime Environment GraalVM CE 21+35.1 (21.0+35) (build 21+35-jvmci-23.1-b15)
# Java VM: OpenJDK 64-Bit Server VM GraalVM CE 21+35.1 (21+35-jvmci-23.1-b15, mixed mode, sharing, tiered, jvmci, jvmci compiler, compressed oops, compressed class ptrs, g1 gc, windows-amd64)
GC Precious Log:
 CardTable entry size: 512
 Card Set container configuration: InlinePtr #cards 4 size 8 Array Of Cards #cards 16 size 48 Howl #buckets 8 coarsen threshold 3686 Howl Bitmap #cards 512 size 80 coarsen threshold 460 Card regions per heap region 1 cards per card region 4096
 CPUs: 8 total, 8 available
 Memory: 16183M
 Large Page Support: Disabled
 NUMA Support: Disabled
 Compressed Oops: Enabled (Zero based)
 Heap Region Size: 2M
 Heap Min Capacity: 8M
 Heap Initial Capacity: 254M
 Heap Max Capacity: 4046M
 Pre-touch: Disabled
 Parallel Workers: 8
 Concurrent Workers: 2
 Concurrent Refinement Workers: 8
 Periodic GC: Disabled
Heap:
 garbage-first heap   total 260096K, used 94545K [0x0000000703200000, 0x0000000800000000)
  region size 2048K, 43 young (88064K), 1 survivors (2048K)
 Metaspace       used 5263K, committed 5440K, reserved 1114112K
  class space    used 413K, committed 512K, reserved 1048576K
GC Heap History (6 events):
Event: 0.528 GC heap before
{Heap before GC invocations=0 (full 0):
 garbage-first heap   total 260096K, used 20480K [0x0000000703200000, 0x0000000800000000)
  region size 2048K, 11 young (22528K), 0 survivors (0K)
 Metaspace       used 1266K, committed 1408K, reserved 1114112K
  class space    used 54K, committed 128K, reserved 1048576K
}
Event: 0.533 GC heap after
{Heap after GC invocations=1 (full 0):
 garbage-first heap   total 260096K, used 9698K [0x0000000703200000, 0x0000000800000000)
  region size 2048K, 2 young (4096K), 2 survivors (4096K)
 Metaspace       used 1266K, committed 1408K, reserved 1114112K
  class space    used 54K, committed 128K, reserved 1048576K
}
Event: 0.754 GC heap before
{Heap before GC invocations=1 (full 0):
 garbage-first heap   total 260096K, used 26082K [0x0000000703200000, 0x0000000800000000)
  region size 2048K, 11 young (22528K), 2 survivors (4096K)
 Metaspace       used 3227K, committed 3392K, reserved 1114112K
  class space    used 190K, committed 320K, reserved 1048576K
}
Event: 0.756 GC heap after
{Heap after GC invocations=2 (full 0):
 garbage-first heap   total 260096K, used 10625K [0x0000000703200000, 0x0000000800000000)
  region size 2048K, 1 young (2048K), 1 survivors (2048K)
 Metaspace       used 3227K, committed 3392K, reserved 1114112K
  class space    used 190K, committed 320K, reserved 1048576K
}
Event: 0.967 GC heap before
{Heap before GC invocations=2 (full 0):
 garbage-first heap   total 260096K, used 70017K [0x0000000703200000, 0x0000000800000000)
  region size 2048K, 30 young (61440K), 1 survivors (2048K)
 Metaspace       used 3316K, committed 3520K, reserved 1114112K
  class space    used 190K, committed 320K, reserved 1048576K
}
Event: 0.967 GC heap after
{Heap after GC invocations=3 (full 0):
 garbage-first heap   total 260096K, used 10577K [0x0000000703200000, 0x0000000800000000)
  region size 2048K, 1 young (2048K), 1 survivors (2048K)
 Metaspace       used 3316K, committed 3520K, reserved 1114112K
  class space    used 190K, committed 320K, reserved 1048576K
}

