# JRE version: OpenJDK Runtime Environment GraalVM CE 21+35.1 (21.0+35) (build 21+35-jvmci-23.1-b15)
# Java VM: OpenJDK 64-Bit Server VM GraalVM CE 21+35.1 (21+35-jvmci-23.1-b15, mixed mode, sharing, tiered, jvmci, jvmci compiler, compressed oops, compressed class ptrs, g1 gc, windows-amd64)
GC Precious Log:
 CardTable entry size: 512
 Card Set container configuration: InlinePtr #cards 4 size 8 Array Of Cards #cards 16 size 48 Howl #buckets 8 coarsen threshold 3686 Howl Bitmap #cards 512 size 80 coarsen threshold 460 Card regions per heap region 1 cards per card region 4096
 CPUs: 8 total, 8 available
 Memory: 16183M
 Large Page Support: Disabled
 NUMA Support: Disabled
 Compressed Oops: Enabled (Zero based)
 Heap Region Size: 2M
 Heap Min Capacity: 8M
 Heap Initial Capacity: 254M
 Heap Max Capacity: 4046M
 Pre-touch: Disabled
 Parallel Workers: 8
 Concurrent Workers: 2
 Concurrent Refinement Workers: 8
 Periodic GC: Disabled
Heap:
 garbage-first heap   total 260096K, used 100790K [0x0000000703200000, 0x0000000800000000)
  region size 2048K, 46 young (94208K), 1 survivors (2048K)
 Metaspace       used 4510K, committed 4672K, reserved 1114112K
  class space    used 415K, committed 512K, reserved 1048576K
GC Heap History (6 events):
Event: 0.455 GC heap before
{Heap before GC invocations=0 (full 0):
 garbage-first heap   total 260096K, used 20480K [0x0000000703200000, 0x0000000800000000)
  region size 2048K, 11 young (22528K), 0 survivors (0K)
 Metaspace       used 1327K, committed 1472K, reserved 1114112K
  class space    used 64K, committed 128K, reserved 1048576K
}
Event: 0.458 GC heap after
{Heap after GC invocations=1 (full 0):
 garbage-first heap   total 260096K, used 9994K [0x0000000703200000, 0x0000000800000000)
  region size 2048K, 2 young (4096K), 2 survivors (4096K)
 Metaspace       used 1327K, committed 1472K, reserved 1114112K
  class space    used 64K, committed 128K, reserved 1048576K
}
Event: 15.503 GC heap before
{Heap before GC invocations=1 (full 0):
 garbage-first heap   total 260096K, used 28426K [0x0000000703200000, 0x0000000800000000)
  region size 2048K, 11 young (22528K), 2 survivors (4096K)
 Metaspace       used 3011K, committed 3200K, reserved 1114112K
  class space    used 191K, committed 320K, reserved 1048576K
}
Event: 15.505 GC heap after
{Heap after GC invocations=2 (full 0):
 garbage-first heap   total 260096K, used 10681K [0x0000000703200000, 0x0000000800000000)
  region size 2048K, 1 young (2048K), 1 survivors (2048K)
 Metaspace       used 3011K, committed 3200K, reserved 1114112K
  class space    used 191K, committed 320K, reserved 1048576K
}
Event: 22.003 GC heap before
{Heap before GC invocations=2 (full 0):
 garbage-first heap   total 260096K, used 80313K [0x0000000703200000, 0x0000000800000000)
  region size 2048K, 35 young (71680K), 1 survivors (2048K)
 Metaspace       used 3011K, committed 3200K, reserved 1114112K
  class space    used 191K, committed 320K, reserved 1048576K
}
Event: 22.004 GC heap after
{Heap after GC invocations=3 (full 0):
 garbage-first heap   total 260096K, used 10678K [0x0000000703200000, 0x0000000800000000)
  region size 2048K, 1 young (2048K), 1 survivors (2048K)
 Metaspace       used 3011K, committed 3200K, reserved 1114112K
  class space    used 191K, committed 320K, reserved 1048576K
}

